Analysis & Synthesis report for CED
Wed Apr 10 13:56:02 2024
Quartus Prime Version 20.1.1 Build 720 11/11/2020 SJ Lite Edition


---------------------
; Table of Contents ;
---------------------
  1. Legal Notice
  2. Analysis & Synthesis Summary
  3. Analysis & Synthesis Settings
  4. Parallel Compilation
  5. Analysis & Synthesis Source Files Read
  6. Analysis & Synthesis Resource Usage Summary
  7. Analysis & Synthesis Resource Utilization by Entity
  8. State Machine - |CED|inner_cs
  9. Registers Removed During Synthesis
 10. General Register Statistics
 11. Inverted Register Statistics
 12. Multiplexer Restructuring Statistics (Restructuring Performed)
 13. Parameter Settings for User Entity Instance: Top-level Entity: |CED
 14. Parameter Settings for Inferred Entity Instance: lpm_divide:Div0
 15. Post-Synthesis Netlist Statistics for Top Partition
 16. Elapsed Time Per Partition
 17. Analysis & Synthesis Messages



----------------
; Legal Notice ;
----------------
Copyright (C) 2020  Intel Corporation. All rights reserved.
Your use of Intel Corporation's design tools, logic functions 
and other software and tools, and any partner logic 
functions, and any output files from any of the foregoing 
(including device programming or simulation files), and any 
associated documentation or information are expressly subject 
to the terms and conditions of the Intel Program License 
Subscription Agreement, the Intel Quartus Prime License Agreement,
the Intel FPGA IP License Agreement, or other applicable license
agreement, including, without limitation, that your use is for
the sole purpose of programming logic devices manufactured by
Intel and sold by Intel or its authorized distributors.  Please
refer to the applicable agreement for further details, at
https://fpgasoftware.intel.com/eula.



+----------------------------------------------------------------------------------+
; Analysis & Synthesis Summary                                                     ;
+------------------------------------+---------------------------------------------+
; Analysis & Synthesis Status        ; Successful - Wed Apr 10 13:56:02 2024       ;
; Quartus Prime Version              ; 20.1.1 Build 720 11/11/2020 SJ Lite Edition ;
; Revision Name                      ; CED                                         ;
; Top-level Entity Name              ; CED                                         ;
; Family                             ; Cyclone IV E                                ;
; Total logic elements               ; 1,729                                       ;
;     Total combinational functions  ; 1,689                                       ;
;     Dedicated logic registers      ; 246                                         ;
; Total registers                    ; 246                                         ;
; Total pins                         ; 181                                         ;
; Total virtual pins                 ; 0                                           ;
; Total memory bits                  ; 0                                           ;
; Embedded Multiplier 9-bit elements ; 0                                           ;
; Total PLLs                         ; 0                                           ;
+------------------------------------+---------------------------------------------+


+------------------------------------------------------------------------------------------------------------+
; Analysis & Synthesis Settings                                                                              ;
+------------------------------------------------------------------+--------------------+--------------------+
; Option                                                           ; Setting            ; Default Value      ;
+------------------------------------------------------------------+--------------------+--------------------+
; Device                                                           ; EP4CE115F29C7      ;                    ;
; Top-level entity name                                            ; CED                ; CED                ;
; Family name                                                      ; Cyclone IV E       ; Cyclone V          ;
; Use smart compilation                                            ; Off                ; Off                ;
; Enable parallel Assembler and Timing Analyzer during compilation ; On                 ; On                 ;
; Enable compact report table                                      ; Off                ; Off                ;
; Restructure Multiplexers                                         ; Auto               ; Auto               ;
; Create Debugging Nodes for IP Cores                              ; Off                ; Off                ;
; Preserve fewer node names                                        ; On                 ; On                 ;
; Intel FPGA IP Evaluation Mode                                    ; Enable             ; Enable             ;
; Verilog Version                                                  ; Verilog_2001       ; Verilog_2001       ;
; VHDL Version                                                     ; VHDL_1993          ; VHDL_1993          ;
; State Machine Processing                                         ; Auto               ; Auto               ;
; Safe State Machine                                               ; Off                ; Off                ;
; Extract Verilog State Machines                                   ; On                 ; On                 ;
; Extract VHDL State Machines                                      ; On                 ; On                 ;
; Ignore Verilog initial constructs                                ; Off                ; Off                ;
; Iteration limit for constant Verilog loops                       ; 5000               ; 5000               ;
; Iteration limit for non-constant Verilog loops                   ; 250                ; 250                ;
; Add Pass-Through Logic to Inferred RAMs                          ; On                 ; On                 ;
; Infer RAMs from Raw Logic                                        ; On                 ; On                 ;
; Parallel Synthesis                                               ; On                 ; On                 ;
; DSP Block Balancing                                              ; Auto               ; Auto               ;
; NOT Gate Push-Back                                               ; On                 ; On                 ;
; Power-Up Don't Care                                              ; On                 ; On                 ;
; Remove Redundant Logic Cells                                     ; Off                ; Off                ;
; Remove Duplicate Registers                                       ; On                 ; On                 ;
; Ignore CARRY Buffers                                             ; Off                ; Off                ;
; Ignore CASCADE Buffers                                           ; Off                ; Off                ;
; Ignore GLOBAL Buffers                                            ; Off                ; Off                ;
; Ignore ROW GLOBAL Buffers                                        ; Off                ; Off                ;
; Ignore LCELL Buffers                                             ; Off                ; Off                ;
; Ignore SOFT Buffers                                              ; On                 ; On                 ;
; Limit AHDL Integers to 32 Bits                                   ; Off                ; Off                ;
; Optimization Technique                                           ; Balanced           ; Balanced           ;
; Carry Chain Length                                               ; 70                 ; 70                 ;
; Auto Carry Chains                                                ; On                 ; On                 ;
; Auto Open-Drain Pins                                             ; On                 ; On                 ;
; Perform WYSIWYG Primitive Resynthesis                            ; Off                ; Off                ;
; Auto ROM Replacement                                             ; On                 ; On                 ;
; Auto RAM Replacement                                             ; On                 ; On                 ;
; Auto DSP Block Replacement                                       ; On                 ; On                 ;
; Auto Shift Register Replacement                                  ; Auto               ; Auto               ;
; Allow Shift Register Merging across Hierarchies                  ; Auto               ; Auto               ;
; Auto Clock Enable Replacement                                    ; On                 ; On                 ;
; Strict RAM Replacement                                           ; Off                ; Off                ;
; Allow Synchronous Control Signals                                ; On                 ; On                 ;
; Force Use of Synchronous Clear Signals                           ; Off                ; Off                ;
; Auto RAM Block Balancing                                         ; On                 ; On                 ;
; Auto RAM to Logic Cell Conversion                                ; Off                ; Off                ;
; Auto Resource Sharing                                            ; Off                ; Off                ;
; Allow Any RAM Size For Recognition                               ; Off                ; Off                ;
; Allow Any ROM Size For Recognition                               ; Off                ; Off                ;
; Allow Any Shift Register Size For Recognition                    ; Off                ; Off                ;
; Use LogicLock Constraints during Resource Balancing              ; On                 ; On                 ;
; Ignore translate_off and synthesis_off directives                ; Off                ; Off                ;
; Timing-Driven Synthesis                                          ; On                 ; On                 ;
; Report Parameter Settings                                        ; On                 ; On                 ;
; Report Source Assignments                                        ; On                 ; On                 ;
; Report Connectivity Checks                                       ; On                 ; On                 ;
; Ignore Maximum Fan-Out Assignments                               ; Off                ; Off                ;
; Synchronization Register Chain Length                            ; 2                  ; 2                  ;
; Power Optimization During Synthesis                              ; Normal compilation ; Normal compilation ;
; HDL message level                                                ; Level2             ; Level2             ;
; Suppress Register Optimization Related Messages                  ; Off                ; Off                ;
; Number of Removed Registers Reported in Synthesis Report         ; 5000               ; 5000               ;
; Number of Swept Nodes Reported in Synthesis Report               ; 5000               ; 5000               ;
; Number of Inverted Registers Reported in Synthesis Report        ; 100                ; 100                ;
; Clock MUX Protection                                             ; On                 ; On                 ;
; Auto Gated Clock Conversion                                      ; Off                ; Off                ;
; Block Design Naming                                              ; Auto               ; Auto               ;
; SDC constraint protection                                        ; Off                ; Off                ;
; Synthesis Effort                                                 ; Auto               ; Auto               ;
; Shift Register Replacement - Allow Asynchronous Clear Signal     ; On                 ; On                 ;
; Pre-Mapping Resynthesis Optimization                             ; Off                ; Off                ;
; Analysis & Synthesis Message Level                               ; Medium             ; Medium             ;
; Disable Register Merging Across Hierarchies                      ; Auto               ; Auto               ;
; Resource Aware Inference For Block RAM                           ; On                 ; On                 ;
+------------------------------------------------------------------+--------------------+--------------------+


+------------------------------------------+
; Parallel Compilation                     ;
+----------------------------+-------------+
; Processors                 ; Number      ;
+----------------------------+-------------+
; Number detected on machine ; 4           ;
; Maximum allowed            ; 4           ;
;                            ;             ;
; Average used               ; 1.00        ;
; Maximum used               ; 4           ;
;                            ;             ;
; Usage by Processor         ; % Time Used ;
;     Processor 1            ; 100.0%      ;
;     Processor 2            ;   0.1%      ;
;     Processor 3            ;   0.1%      ;
;     Processor 4            ;   0.0%      ;
+----------------------------+-------------+


+--------------------------------------------------------------------------------------------------------------------------------------------------------------------------+
; Analysis & Synthesis Source Files Read                                                                                                                                   ;
+----------------------------------+-----------------+------------------------------+----------------------------------------------------------------------------+---------+
; File Name with User-Entered Path ; Used in Netlist ; File Type                    ; File Name with Absolute Path                                               ; Library ;
+----------------------------------+-----------------+------------------------------+----------------------------------------------------------------------------+---------+
; CED.v                            ; yes             ; User Verilog HDL File        ; C:/Users/user/OneDrive/verilog/ced/ced0/CED.v                              ;         ;
; lpm_divide.tdf                   ; yes             ; Megafunction                 ; c:/intelfpga_lite/20.1/quartus/libraries/megafunctions/lpm_divide.tdf      ;         ;
; abs_divider.inc                  ; yes             ; Megafunction                 ; c:/intelfpga_lite/20.1/quartus/libraries/megafunctions/abs_divider.inc     ;         ;
; sign_div_unsign.inc              ; yes             ; Megafunction                 ; c:/intelfpga_lite/20.1/quartus/libraries/megafunctions/sign_div_unsign.inc ;         ;
; aglobal201.inc                   ; yes             ; Megafunction                 ; c:/intelfpga_lite/20.1/quartus/libraries/megafunctions/aglobal201.inc      ;         ;
; db/lpm_divide_e2p.tdf            ; yes             ; Auto-Generated Megafunction  ; C:/Users/user/OneDrive/verilog/ced/ced0/db/lpm_divide_e2p.tdf              ;         ;
; db/abs_divider_9dg.tdf           ; yes             ; Auto-Generated Megafunction  ; C:/Users/user/OneDrive/verilog/ced/ced0/db/abs_divider_9dg.tdf             ;         ;
; db/alt_u_div_gaf.tdf             ; yes             ; Auto-Generated Megafunction  ; C:/Users/user/OneDrive/verilog/ced/ced0/db/alt_u_div_gaf.tdf               ;         ;
; db/add_sub_7pc.tdf               ; yes             ; Auto-Generated Megafunction  ; C:/Users/user/OneDrive/verilog/ced/ced0/db/add_sub_7pc.tdf                 ;         ;
; db/add_sub_8pc.tdf               ; yes             ; Auto-Generated Megafunction  ; C:/Users/user/OneDrive/verilog/ced/ced0/db/add_sub_8pc.tdf                 ;         ;
; db/lpm_abs_h0a.tdf               ; yes             ; Auto-Generated Megafunction  ; C:/Users/user/OneDrive/verilog/ced/ced0/db/lpm_abs_h0a.tdf                 ;         ;
; db/lpm_abs_o0a.tdf               ; yes             ; Auto-Generated Megafunction  ; C:/Users/user/OneDrive/verilog/ced/ced0/db/lpm_abs_o0a.tdf                 ;         ;
+----------------------------------+-----------------+------------------------------+----------------------------------------------------------------------------+---------+


+---------------------------------------------------------+
; Analysis & Synthesis Resource Usage Summary             ;
+---------------------------------------------+-----------+
; Resource                                    ; Usage     ;
+---------------------------------------------+-----------+
; Estimated Total logic elements              ; 1,729     ;
;                                             ;           ;
; Total combinational functions               ; 1689      ;
; Logic element usage by number of LUT inputs ;           ;
;     -- 4 input functions                    ; 541       ;
;     -- 3 input functions                    ; 649       ;
;     -- <=2 input functions                  ; 499       ;
;                                             ;           ;
; Logic elements by mode                      ;           ;
;     -- normal mode                          ; 966       ;
;     -- arithmetic mode                      ; 723       ;
;                                             ;           ;
; Total registers                             ; 246       ;
;     -- Dedicated logic registers            ; 246       ;
;     -- I/O registers                        ; 0         ;
;                                             ;           ;
; I/O pins                                    ; 181       ;
;                                             ;           ;
; Embedded Multiplier 9-bit elements          ; 0         ;
;                                             ;           ;
; Maximum fan-out node                        ; clk~input ;
; Maximum fan-out                             ; 246       ;
; Total fan-out                               ; 6394      ;
; Average fan-out                             ; 2.78      ;
+---------------------------------------------+-----------+


+-----------------------------------------------------------------------------------------------------------------------------------------------------------------------------------------------------------------------------------------------------------------------------------------------------------------------------+
; Analysis & Synthesis Resource Utilization by Entity                                                                                                                                                                                                                                                                         ;
+----------------------------------------+---------------------+---------------------------+-------------+--------------+---------+-----------+------+--------------+------------------------------------------------------------------------------------------------------------------------+-----------------+--------------+
; Compilation Hierarchy Node             ; Combinational ALUTs ; Dedicated Logic Registers ; Memory Bits ; DSP Elements ; DSP 9x9 ; DSP 18x18 ; Pins ; Virtual Pins ; Full Hierarchy Name                                                                                                    ; Entity Name     ; Library Name ;
+----------------------------------------+---------------------+---------------------------+-------------+--------------+---------+-----------+------+--------------+------------------------------------------------------------------------------------------------------------------------+-----------------+--------------+
; |CED                                   ; 1689 (931)          ; 246 (246)                 ; 0           ; 0            ; 0       ; 0         ; 181  ; 0            ; |CED                                                                                                                   ; CED             ; work         ;
;    |lpm_divide:Div0|                   ; 758 (0)             ; 0 (0)                     ; 0           ; 0            ; 0       ; 0         ; 0    ; 0            ; |CED|lpm_divide:Div0                                                                                                   ; lpm_divide      ; work         ;
;       |lpm_divide_e2p:auto_generated|  ; 758 (0)             ; 0 (0)                     ; 0           ; 0            ; 0       ; 0         ; 0    ; 0            ; |CED|lpm_divide:Div0|lpm_divide_e2p:auto_generated                                                                     ; lpm_divide_e2p  ; work         ;
;          |abs_divider_9dg:divider|     ; 758 (56)            ; 0 (0)                     ; 0           ; 0            ; 0       ; 0         ; 0    ; 0            ; |CED|lpm_divide:Div0|lpm_divide_e2p:auto_generated|abs_divider_9dg:divider                                             ; abs_divider_9dg ; work         ;
;             |alt_u_div_gaf:divider|    ; 658 (655)           ; 0 (0)                     ; 0           ; 0            ; 0       ; 0         ; 0    ; 0            ; |CED|lpm_divide:Div0|lpm_divide_e2p:auto_generated|abs_divider_9dg:divider|alt_u_div_gaf:divider                       ; alt_u_div_gaf   ; work         ;
;                |add_sub_7pc:add_sub_0| ; 1 (1)               ; 0 (0)                     ; 0           ; 0            ; 0       ; 0         ; 0    ; 0            ; |CED|lpm_divide:Div0|lpm_divide_e2p:auto_generated|abs_divider_9dg:divider|alt_u_div_gaf:divider|add_sub_7pc:add_sub_0 ; add_sub_7pc     ; work         ;
;                |add_sub_8pc:add_sub_1| ; 2 (2)               ; 0 (0)                     ; 0           ; 0            ; 0       ; 0         ; 0    ; 0            ; |CED|lpm_divide:Div0|lpm_divide_e2p:auto_generated|abs_divider_9dg:divider|alt_u_div_gaf:divider|add_sub_8pc:add_sub_1 ; add_sub_8pc     ; work         ;
;             |lpm_abs_h0a:my_abs_den|   ; 25 (25)             ; 0 (0)                     ; 0           ; 0            ; 0       ; 0         ; 0    ; 0            ; |CED|lpm_divide:Div0|lpm_divide_e2p:auto_generated|abs_divider_9dg:divider|lpm_abs_h0a:my_abs_den                      ; lpm_abs_h0a     ; work         ;
;             |lpm_abs_o0a:my_abs_num|   ; 19 (19)             ; 0 (0)                     ; 0           ; 0            ; 0       ; 0         ; 0    ; 0            ; |CED|lpm_divide:Div0|lpm_divide_e2p:auto_generated|abs_divider_9dg:divider|lpm_abs_o0a:my_abs_num                      ; lpm_abs_o0a     ; work         ;
+----------------------------------------+---------------------+---------------------------+-------------+--------------+---------+-----------+------+--------------+------------------------------------------------------------------------------------------------------------------------+-----------------+--------------+
Note: For table entries with two numbers listed, the numbers in parentheses indicate the number of resources of the given type used by the specific entity alone. The numbers listed outside of parentheses indicate the total resources of the given type used by the specific entity and all of its sub-entities in the hierarchy.


Encoding Type:  One-Hot
+----------------------------------------------------------------------+
; State Machine - |CED|inner_cs                                        ;
+------------------+---------------+----------------+------------------+
; Name             ; inner_cs.READ ; inner_cs.WRITE ; inner_cs.EXECUTE ;
+------------------+---------------+----------------+------------------+
; inner_cs.READ    ; 0             ; 0              ; 0                ;
; inner_cs.EXECUTE ; 1             ; 0              ; 1                ;
; inner_cs.WRITE   ; 1             ; 1              ; 0                ;
+------------------+---------------+----------------+------------------+


+--------------------------------------------------------------------------------------+
; Registers Removed During Synthesis                                                   ;
+----------------------------------------+---------------------------------------------+
; Register name                          ; Reason for Removal                          ;
+----------------------------------------+---------------------------------------------+
; ang[8..11]                             ; Merged with ang[12]                         ;
; ang[4]                                 ; Merged with ang[6]                          ;
; ang[0]                                 ; Merged with ang[2]                          ;
; ang[12]                                ; Stuck at GND due to stuck port data_in      ;
; top_cs[2]                              ; Stuck at GND due to stuck port clock_enable ;
; inner_cs~6                             ; Lost fanout                                 ;
; inner_cs.EXECUTE                       ; Lost fanout                                 ;
; Total Number of Removed Registers = 10 ;                                             ;
+----------------------------------------+---------------------------------------------+


+------------------------------------------------------+
; General Register Statistics                          ;
+----------------------------------------------+-------+
; Statistic                                    ; Value ;
+----------------------------------------------+-------+
; Total registers                              ; 246   ;
; Number of registers using Synchronous Clear  ; 15    ;
; Number of registers using Synchronous Load   ; 66    ;
; Number of registers using Asynchronous Clear ; 246   ;
; Number of registers using Asynchronous Load  ; 0     ;
; Number of registers using Clock Enable       ; 190   ;
; Number of registers using Preset             ; 0     ;
+----------------------------------------------+-------+


+--------------------------------------------------+
; Inverted Register Statistics                     ;
+----------------------------------------+---------+
; Inverted Register                      ; Fan out ;
+----------------------------------------+---------+
; p0_addr[0]                             ; 9       ;
; p0_addr[7]                             ; 12      ;
; p1_addr[1]                             ; 10      ;
; p1_addr[2]                             ; 10      ;
; p1_addr[3]                             ; 10      ;
; p1_addr[4]                             ; 10      ;
; p1_addr[5]                             ; 10      ;
; p1_addr[6]                             ; 10      ;
; Total number of inverted registers = 8 ;         ;
+----------------------------------------+---------+


+------------------------------------------------------------------------------------------------------------------------------------------+
; Multiplexer Restructuring Statistics (Restructuring Performed)                                                                           ;
+--------------------+-----------+---------------+----------------------+------------------------+------------+----------------------------+
; Multiplexer Inputs ; Bus Width ; Baseline Area ; Area if Restructured ; Saving if Restructured ; Registered ; Example Multiplexer Output ;
+--------------------+-----------+---------------+----------------------+------------------------+------------+----------------------------+
; 3:1                ; 28 bits   ; 56 LEs        ; 28 LEs               ; 28 LEs                 ; Yes        ; |CED|caddr_ang_0[7]~reg0   ;
; 3:1                ; 14 bits   ; 28 LEs        ; 14 LEs               ; 14 LEs                 ; Yes        ; |CED|caddr_1[13]~reg0      ;
; 3:1                ; 8 bits    ; 16 LEs        ; 8 LEs                ; 8 LEs                  ; Yes        ; |CED|p1_addr[12]           ;
; 3:1                ; 13 bits   ; 26 LEs        ; 13 LEs               ; 13 LEs                 ; Yes        ; |CED|hys_data[8]           ;
; 3:1                ; 8 bits    ; 16 LEs        ; 8 LEs                ; 8 LEs                  ; Yes        ; |CED|row_cnt[6]            ;
; 3:1                ; 4 bits    ; 8 LEs         ; 4 LEs                ; 4 LEs                  ; Yes        ; |CED|read0_cnt[0]          ;
; 3:1                ; 3 bits    ; 6 LEs         ; 3 LEs                ; 3 LEs                  ; Yes        ; |CED|read1_cnt[0]          ;
; 3:1                ; 12 bits   ; 24 LEs        ; 12 LEs               ; 12 LEs                 ; Yes        ; |CED|p0_addr[1]            ;
; 16:1               ; 7 bits    ; 70 LEs        ; 35 LEs               ; 35 LEs                 ; Yes        ; |CED|iaddr[2]~reg0         ;
; 16:1               ; 7 bits    ; 70 LEs        ; 42 LEs               ; 28 LEs                 ; Yes        ; |CED|iaddr[7]~reg0         ;
; 4:1                ; 8 bits    ; 16 LEs        ; 8 LEs                ; 8 LEs                  ; Yes        ; |CED|column_cnt[0]         ;
; 4:1                ; 4 bits    ; 8 LEs         ; 4 LEs                ; 4 LEs                  ; Yes        ; |CED|read2_cnt[0]          ;
; 11:1               ; 3 bits    ; 21 LEs        ; 12 LEs               ; 9 LEs                  ; Yes        ; |CED|top_cs[0]             ;
; 7:1                ; 3 bits    ; 12 LEs        ; 12 LEs               ; 0 LEs                  ; Yes        ; |CED|ang[6]                ;
; 10:1               ; 2 bits    ; 12 LEs        ; 6 LEs                ; 6 LEs                  ; Yes        ; |CED|idata_buffer_x[0]     ;
; 13:1               ; 7 bits    ; 56 LEs        ; 21 LEs               ; 35 LEs                 ; Yes        ; |CED|idata_buffer_x[1]     ;
; 13:1               ; 7 bits    ; 56 LEs        ; 28 LEs               ; 28 LEs                 ; Yes        ; |CED|idata_buffer_y[1]     ;
; 3:1                ; 6 bits    ; 12 LEs        ; 6 LEs                ; 6 LEs                  ; Yes        ; |CED|p1_addr[5]            ;
; 3:1                ; 2 bits    ; 4 LEs         ; 2 LEs                ; 2 LEs                  ; Yes        ; |CED|p0_addr[0]            ;
; 3:1                ; 13 bits   ; 26 LEs        ; 13 LEs               ; 13 LEs                 ; No         ; |CED|cdata_wr1             ;
; 5:1                ; 3 bits    ; 9 LEs         ; 9 LEs                ; 0 LEs                  ; No         ; |CED|ang                   ;
; 17:1               ; 13 bits   ; 143 LEs       ; 78 LEs               ; 65 LEs                 ; No         ; |CED|p1_addr1[1]           ;
+--------------------+-----------+---------------+----------------------+------------------------+------------+----------------------------+


+---------------------------------------------------------------------+
; Parameter Settings for User Entity Instance: Top-level Entity: |CED ;
+----------------+-------+--------------------------------------------+
; Parameter Name ; Value ; Type                                       ;
+----------------+-------+--------------------------------------------+
; INITIAL        ; 00    ; Unsigned Binary                            ;
; LAYER0         ; 01    ; Unsigned Binary                            ;
; LAYER1         ; 10    ; Unsigned Binary                            ;
; LAYER2         ; 11    ; Unsigned Binary                            ;
; READ           ; 00    ; Unsigned Binary                            ;
; EXECUTE        ; 01    ; Unsigned Binary                            ;
; WRITE          ; 10    ; Unsigned Binary                            ;
+----------------+-------+--------------------------------------------+
Note: In order to hide this table in the UI and the text report file, please set the "Show Parameter Settings in Synthesis Report" option in "Analysis and Synthesis Settings -> More Settings" to "Off".


+------------------------------------------------------------------+
; Parameter Settings for Inferred Entity Instance: lpm_divide:Div0 ;
+------------------------+----------------+------------------------+
; Parameter Name         ; Value          ; Type                   ;
+------------------------+----------------+------------------------+
; LPM_WIDTHN             ; 29             ; Untyped                ;
; LPM_WIDTHD             ; 13             ; Untyped                ;
; LPM_NREPRESENTATION    ; SIGNED         ; Untyped                ;
; LPM_DREPRESENTATION    ; SIGNED         ; Untyped                ;
; LPM_PIPELINE           ; 0              ; Untyped                ;
; LPM_REMAINDERPOSITIVE  ; FALSE          ; Untyped                ;
; MAXIMIZE_SPEED         ; 5              ; Untyped                ;
; CBXI_PARAMETER         ; lpm_divide_e2p ; Untyped                ;
; CARRY_CHAIN            ; MANUAL         ; Untyped                ;
; OPTIMIZE_FOR_SPEED     ; 5              ; Untyped                ;
; AUTO_CARRY_CHAINS      ; ON             ; AUTO_CARRY             ;
; IGNORE_CARRY_BUFFERS   ; OFF            ; IGNORE_CARRY           ;
; AUTO_CASCADE_CHAINS    ; ON             ; AUTO_CASCADE           ;
; IGNORE_CASCADE_BUFFERS ; OFF            ; IGNORE_CASCADE         ;
+------------------------+----------------+------------------------+
Note: In order to hide this table in the UI and the text report file, please set the "Show Parameter Settings in Synthesis Report" option in "Analysis and Synthesis Settings -> More Settings" to "Off".


+-----------------------------------------------------+
; Post-Synthesis Netlist Statistics for Top Partition ;
+-----------------------+-----------------------------+
; Type                  ; Count                       ;
+-----------------------+-----------------------------+
; boundary_port         ; 181                         ;
; cycloneiii_ff         ; 246                         ;
;     CLR               ; 56                          ;
;     ENA CLR           ; 116                         ;
;     ENA CLR SCLR      ; 8                           ;
;     ENA CLR SCLR SLD  ; 7                           ;
;     ENA CLR SLD       ; 59                          ;
; cycloneiii_lcell_comb ; 1691                        ;
;     arith             ; 723                         ;
;         1 data inputs ; 2                           ;
;         2 data inputs ; 341                         ;
;         3 data inputs ; 380                         ;
;     normal            ; 968                         ;
;         0 data inputs ; 30                          ;
;         1 data inputs ; 34                          ;
;         2 data inputs ; 94                          ;
;         3 data inputs ; 269                         ;
;         4 data inputs ; 541                         ;
;                       ;                             ;
; Max LUT depth         ; 102.80                      ;
; Average LUT depth     ; 48.66                       ;
+-----------------------+-----------------------------+


+-------------------------------+
; Elapsed Time Per Partition    ;
+----------------+--------------+
; Partition Name ; Elapsed Time ;
+----------------+--------------+
; Top            ; 00:00:04     ;
+----------------+--------------+


+-------------------------------+
; Analysis & Synthesis Messages ;
+-------------------------------+
Info: *******************************************************************
Info: Running Quartus Prime Analysis & Synthesis
    Info: Version 20.1.1 Build 720 11/11/2020 SJ Lite Edition
    Info: Processing started: Wed Apr 10 13:55:48 2024
Info: Command: quartus_map --read_settings_files=on --write_settings_files=off CED -c CED
Warning (18236): Number of processors has not been specified which may cause overloading on shared machines.  Set the global assignment NUM_PARALLEL_PROCESSORS in your QSF to an appropriate value for best performance.
Info (20030): Parallel compilation is enabled and will use 4 of the 4 processors detected
Info (12021): Found 1 design units, including 1 entities, in source file ced.v
    Info (12023): Found entity 1: CED File: C:/Users/user/OneDrive/verilog/ced/ced0/CED.v Line: 3
Info (12127): Elaborating entity "CED" for the top level hierarchy
Warning (10270): Verilog HDL Case Statement warning at CED.v(106): incomplete case statement has no default case item File: C:/Users/user/OneDrive/verilog/ced/ced0/CED.v Line: 106
Warning (10230): Verilog HDL assignment warning at CED.v(244): truncated value with size 32 to match size of target (8) File: C:/Users/user/OneDrive/verilog/ced/ced0/CED.v Line: 244
Warning (10230): Verilog HDL assignment warning at CED.v(263): truncated value with size 32 to match size of target (8) File: C:/Users/user/OneDrive/verilog/ced/ced0/CED.v Line: 263
Warning (10230): Verilog HDL assignment warning at CED.v(282): truncated value with size 32 to match size of target (4) File: C:/Users/user/OneDrive/verilog/ced/ced0/CED.v Line: 282
Warning (10230): Verilog HDL assignment warning at CED.v(299): truncated value with size 32 to match size of target (3) File: C:/Users/user/OneDrive/verilog/ced/ced0/CED.v Line: 299
Warning (10230): Verilog HDL assignment warning at CED.v(316): truncated value with size 32 to match size of target (4) File: C:/Users/user/OneDrive/verilog/ced/ced0/CED.v Line: 316
Warning (10230): Verilog HDL assignment warning at CED.v(338): truncated value with size 32 to match size of target (14) File: C:/Users/user/OneDrive/verilog/ced/ced0/CED.v Line: 338
Warning (10230): Verilog HDL assignment warning at CED.v(339): truncated value with size 32 to match size of target (14) File: C:/Users/user/OneDrive/verilog/ced/ced0/CED.v Line: 339
Warning (10230): Verilog HDL assignment warning at CED.v(356): truncated value with size 32 to match size of target (14) File: C:/Users/user/OneDrive/verilog/ced/ced0/CED.v Line: 356
Warning (10270): Verilog HDL Case Statement warning at CED.v(376): incomplete case statement has no default case item File: C:/Users/user/OneDrive/verilog/ced/ced0/CED.v Line: 376
Warning (10270): Verilog HDL Case Statement warning at CED.v(422): incomplete case statement has no default case item File: C:/Users/user/OneDrive/verilog/ced/ced0/CED.v Line: 422
Warning (10270): Verilog HDL Case Statement warning at CED.v(449): incomplete case statement has no default case item File: C:/Users/user/OneDrive/verilog/ced/ced0/CED.v Line: 449
Warning (10230): Verilog HDL assignment warning at CED.v(689): truncated value with size 32 to match size of target (13) File: C:/Users/user/OneDrive/verilog/ced/ced0/CED.v Line: 689
Warning (10230): Verilog HDL assignment warning at CED.v(690): truncated value with size 32 to match size of target (13) File: C:/Users/user/OneDrive/verilog/ced/ced0/CED.v Line: 690
Warning (10230): Verilog HDL assignment warning at CED.v(708): truncated value with size 32 to match size of target (14) File: C:/Users/user/OneDrive/verilog/ced/ced0/CED.v Line: 708
Warning (10230): Verilog HDL assignment warning at CED.v(763): truncated value with size 32 to match size of target (14) File: C:/Users/user/OneDrive/verilog/ced/ced0/CED.v Line: 763
Warning (10230): Verilog HDL assignment warning at CED.v(840): truncated value with size 32 to match size of target (14) File: C:/Users/user/OneDrive/verilog/ced/ced0/CED.v Line: 840
Warning (10230): Verilog HDL assignment warning at CED.v(888): truncated value with size 32 to match size of target (14) File: C:/Users/user/OneDrive/verilog/ced/ced0/CED.v Line: 888
Info (278001): Inferred 1 megafunctions from design logic
    Info (278004): Inferred divider/modulo megafunction ("lpm_divide") from the following logic: "Div0" File: C:/Users/user/OneDrive/verilog/ced/ced0/CED.v Line: 729
Info (12130): Elaborated megafunction instantiation "lpm_divide:Div0" File: C:/Users/user/OneDrive/verilog/ced/ced0/CED.v Line: 729
Info (12133): Instantiated megafunction "lpm_divide:Div0" with the following parameter: File: C:/Users/user/OneDrive/verilog/ced/ced0/CED.v Line: 729
    Info (12134): Parameter "LPM_WIDTHN" = "29"
    Info (12134): Parameter "LPM_WIDTHD" = "13"
    Info (12134): Parameter "LPM_NREPRESENTATION" = "SIGNED"
    Info (12134): Parameter "LPM_DREPRESENTATION" = "SIGNED"
    Info (12134): Parameter "LPM_HINT" = "LPM_REMAINDERPOSITIVE=FALSE"
Info (12021): Found 1 design units, including 1 entities, in source file db/lpm_divide_e2p.tdf
    Info (12023): Found entity 1: lpm_divide_e2p File: C:/Users/user/OneDrive/verilog/ced/ced0/db/lpm_divide_e2p.tdf Line: 25
Info (12021): Found 1 design units, including 1 entities, in source file db/abs_divider_9dg.tdf
    Info (12023): Found entity 1: abs_divider_9dg File: C:/Users/user/OneDrive/verilog/ced/ced0/db/abs_divider_9dg.tdf Line: 29
Info (12021): Found 1 design units, including 1 entities, in source file db/alt_u_div_gaf.tdf
    Info (12023): Found entity 1: alt_u_div_gaf File: C:/Users/user/OneDrive/verilog/ced/ced0/db/alt_u_div_gaf.tdf Line: 27
Info (12021): Found 1 design units, including 1 entities, in source file db/add_sub_7pc.tdf
    Info (12023): Found entity 1: add_sub_7pc File: C:/Users/user/OneDrive/verilog/ced/ced0/db/add_sub_7pc.tdf Line: 23
Info (12021): Found 1 design units, including 1 entities, in source file db/add_sub_8pc.tdf
    Info (12023): Found entity 1: add_sub_8pc File: C:/Users/user/OneDrive/verilog/ced/ced0/db/add_sub_8pc.tdf Line: 23
Info (12021): Found 1 design units, including 1 entities, in source file db/lpm_abs_h0a.tdf
    Info (12023): Found entity 1: lpm_abs_h0a File: C:/Users/user/OneDrive/verilog/ced/ced0/db/lpm_abs_h0a.tdf Line: 25
Info (12021): Found 1 design units, including 1 entities, in source file db/lpm_abs_o0a.tdf
    Info (12023): Found entity 1: lpm_abs_o0a File: C:/Users/user/OneDrive/verilog/ced/ced0/db/lpm_abs_o0a.tdf Line: 25
Info (13014): Ignored 24 buffer(s)
    Info (13016): Ignored 24 CARRY_SUM buffer(s)
Info (13000): Registers with preset signals will power-up high File: C:/Users/user/OneDrive/verilog/ced/ced0/CED.v Line: 362
Info (13003): DEV_CLRn pin will set, and not reset, register with preset signal due to NOT Gate Push-Back
Warning (13024): Output pins are stuck at VCC or GND
    Warning (13410): Pin "cdata_ang_wr0[8]" is stuck at GND File: C:/Users/user/OneDrive/verilog/ced/ced0/CED.v Line: 16
    Warning (13410): Pin "cdata_ang_wr0[9]" is stuck at GND File: C:/Users/user/OneDrive/verilog/ced/ced0/CED.v Line: 16
    Warning (13410): Pin "cdata_ang_wr0[10]" is stuck at GND File: C:/Users/user/OneDrive/verilog/ced/ced0/CED.v Line: 16
    Warning (13410): Pin "cdata_ang_wr0[11]" is stuck at GND File: C:/Users/user/OneDrive/verilog/ced/ced0/CED.v Line: 16
    Warning (13410): Pin "cdata_ang_wr0[12]" is stuck at GND File: C:/Users/user/OneDrive/verilog/ced/ced0/CED.v Line: 16
    Warning (13410): Pin "cdata_wr2[8]" is stuck at GND File: C:/Users/user/OneDrive/verilog/ced/ced0/CED.v Line: 26
    Warning (13410): Pin "cdata_wr2[9]" is stuck at GND File: C:/Users/user/OneDrive/verilog/ced/ced0/CED.v Line: 26
    Warning (13410): Pin "cdata_wr2[10]" is stuck at GND File: C:/Users/user/OneDrive/verilog/ced/ced0/CED.v Line: 26
    Warning (13410): Pin "cdata_wr2[11]" is stuck at GND File: C:/Users/user/OneDrive/verilog/ced/ced0/CED.v Line: 26
    Warning (13410): Pin "cdata_wr2[12]" is stuck at GND File: C:/Users/user/OneDrive/verilog/ced/ced0/CED.v Line: 26
Info (286030): Timing-Driven Synthesis is running
Info (17049): 2 registers lost all their fanouts during netlist optimizations.
Info (16010): Generating hard_block partition "hard_block:auto_generated_inst"
    Info (16011): Adding 0 node(s), including 0 DDIO, 0 PLL, 0 transceiver and 0 LCELL
Info (21057): Implemented 1911 device resources after synthesis - the final resource count might be different
    Info (21058): Implemented 50 input pins
    Info (21059): Implemented 131 output pins
    Info (21061): Implemented 1730 logic cells
Info: Quartus Prime Analysis & Synthesis was successful. 0 errors, 30 warnings
    Info: Peak virtual memory: 4783 megabytes
    Info: Processing ended: Wed Apr 10 13:56:02 2024
    Info: Elapsed time: 00:00:14
    Info: Total CPU time (on all processors): 00:00:23


